0 info it worked if it ends with ok
1 verbose cli [ '/Users/cristiano/.nvm/versions/node/v6.9.4/bin/node',
1 verbose cli   '/Users/cristiano/.nvm/versions/node/v6.9.4/bin/npm',
1 verbose cli   'run',
1 verbose cli   'protractor' ]
2 info using npm@3.10.10
3 info using node@v6.9.4
4 verbose run-script [ 'preprotractor', 'protractor', 'postprotractor' ]
5 info lifecycle sortello@2.0.0~preprotractor: sortello@2.0.0
6 silly lifecycle sortello@2.0.0~preprotractor: no script for preprotractor, continuing
7 info lifecycle sortello@2.0.0~protractor: sortello@2.0.0
8 verbose lifecycle sortello@2.0.0~protractor: unsafe-perm in lifecycle true
9 verbose lifecycle sortello@2.0.0~protractor: PATH: /Users/cristiano/.nvm/versions/node/v6.9.4/lib/node_modules/npm/bin/node-gyp-bin:/Users/cristiano/workspace/sortello/node_modules/.bin:/Users/cristiano/.nvm/versions/node/v6.9.4/bin:/usr/local/bin:/usr/bin:/bin:/usr/sbin:/sbin:/opt/X11/bin
10 verbose lifecycle sortello@2.0.0~protractor: CWD: /Users/cristiano/workspace/sortello
11 silly lifecycle sortello@2.0.0~protractor: Args: [ '-c',
11 silly lifecycle   './node_modules/protractor/bin/protractor protractor.conf.js' ]
12 silly lifecycle sortello@2.0.0~protractor: Returned: code: 1  signal: null
13 info lifecycle sortello@2.0.0~protractor: Failed to exec protractor script
14 verbose stack Error: sortello@2.0.0 protractor: `./node_modules/protractor/bin/protractor protractor.conf.js`
14 verbose stack Exit status 1
14 verbose stack     at EventEmitter.<anonymous> (/Users/cristiano/.nvm/versions/node/v6.9.4/lib/node_modules/npm/lib/utils/lifecycle.js:255:16)
14 verbose stack     at emitTwo (events.js:106:13)
14 verbose stack     at EventEmitter.emit (events.js:191:7)
14 verbose stack     at ChildProcess.<anonymous> (/Users/cristiano/.nvm/versions/node/v6.9.4/lib/node_modules/npm/lib/utils/spawn.js:40:14)
14 verbose stack     at emitTwo (events.js:106:13)
14 verbose stack     at ChildProcess.emit (events.js:191:7)
14 verbose stack     at maybeClose (internal/child_process.js:877:16)
14 verbose stack     at Process.ChildProcess._handle.onexit (internal/child_process.js:226:5)
15 verbose pkgid sortello@2.0.0
16 verbose cwd /Users/cristiano/workspace/sortello
17 error Darwin 16.7.0
18 error argv "/Users/cristiano/.nvm/versions/node/v6.9.4/bin/node" "/Users/cristiano/.nvm/versions/node/v6.9.4/bin/npm" "run" "protractor"
19 error node v6.9.4
20 error npm  v3.10.10
21 error code ELIFECYCLE
22 error sortello@2.0.0 protractor: `./node_modules/protractor/bin/protractor protractor.conf.js`
22 error Exit status 1
23 error Failed at the sortello@2.0.0 protractor script './node_modules/protractor/bin/protractor protractor.conf.js'.
23 error Make sure you have the latest version of node.js and npm installed.
23 error If you do, this is most likely a problem with the sortello package,
23 error not with npm itself.
23 error Tell the author that this fails on your system:
23 error     ./node_modules/protractor/bin/protractor protractor.conf.js
23 error You can get information on how to open an issue for this project with:
23 error     npm bugs sortello
23 error Or if that isn't available, you can get their info via:
23 error     npm owner ls sortello
23 error There is likely additional logging output above.
24 verbose exit [ 1, true ]
